{"level":"info","message":"Hello from Acquisitions Service!","service":"aquisitions-api","timestamp":"2026-06-14T00:27:17.863Z"}
{"level":"info","message":"::1 - - [14/Jun/2026:00:27:17 +0000] \"GET / HTTP/1.1\" 200 32 \"-\" \"Mozilla/5.0 (Macintosh; Intel Mac OS X 10_15_7) AppleWebKit/537.36 (KHTML, like Gecko) Code/1.123.0 Chrome/148.0.7778.97 Electron/42.2.0 Safari/537.36\"","service":"aquisitions-api","timestamp":"2026-06-14T00:27:17.870Z"}
{"level":"info","message":"Hello from Acquisitions Service!","service":"aquisitions-api","timestamp":"2026-06-14T00:38:24.501Z"}
{"level":"info","message":"::1 - - [14/Jun/2026:00:38:24 +0000] \"GET / HTTP/1.1\" 304 - \"-\" \"Mozilla/5.0 (Macintosh; Intel Mac OS X 10_15_7) AppleWebKit/537.36 (KHTML, like Gecko) Code/1.123.0 Chrome/148.0.7778.97 Electron/42.2.0 Safari/537.36\"","service":"aquisitions-api","timestamp":"2026-06-14T00:38:24.508Z"}
{"level":"info","message":"Hello from Acquisitions Service!","service":"aquisitions-api","timestamp":"2026-06-14T00:42:04.902Z"}
{"level":"info","message":"::1 - - [14/Jun/2026:00:42:04 +0000] \"GET / HTTP/1.1\" 200 32 \"-\" \"PostmanRuntime/7.44.1\"","service":"aquisitions-api","timestamp":"2026-06-14T00:42:04.903Z"}
{"level":"info","message":"::1 - - [14/Jun/2026:00:42:12 +0000] \"GET /api HTTP/1.1\" 200 53 \"-\" \"PostmanRuntime/7.44.1\"","service":"aquisitions-api","timestamp":"2026-06-14T00:42:12.107Z"}
{"level":"info","message":"::1 - - [14/Jun/2026:00:42:38 +0000] \"GET /health HTTP/1.1\" 200 77 \"-\" \"PostmanRuntime/7.44.1\"","service":"aquisitions-api","timestamp":"2026-06-14T00:42:38.131Z"}
{"level":"info","message":"::1 - - [14/Jun/2026:00:42:41 +0000] \"GET /health HTTP/1.1\" 200 75 \"-\" \"PostmanRuntime/7.44.1\"","service":"aquisitions-api","timestamp":"2026-06-14T00:42:41.728Z"}
{"level":"info","message":"::1 - - [14/Jun/2026:00:42:46 +0000] \"GET /api HTTP/1.1\" 200 53 \"-\" \"PostmanRuntime/7.44.1\"","service":"aquisitions-api","timestamp":"2026-06-14T00:42:46.998Z"}
{"level":"info","message":"Hello from Acquisitions Service!","service":"aquisitions-api","timestamp":"2026-06-14T00:43:07.927Z"}
{"level":"info","message":"::1 - - [14/Jun/2026:00:43:07 +0000] \"GET / HTTP/1.1\" 200 32 \"-\" \"PostmanRuntime/7.44.1\"","service":"aquisitions-api","timestamp":"2026-06-14T00:43:07.929Z"}
{"level":"info","message":"::1 - - [14/Jun/2026:00:43:41 +0000] \"GET /api HTTP/1.1\" 200 53 \"-\" \"PostmanRuntime/7.44.1\"","service":"aquisitions-api","timestamp":"2026-06-14T00:43:41.446Z"}
{"level":"info","message":"::1 - - [14/Jun/2026:00:44:05 +0000] \"POST /api/auth/sign-in HTTP/1.1\" 200 31 \"-\" \"PostmanRuntime/7.44.1\"","service":"aquisitions-api","timestamp":"2026-06-14T00:44:05.544Z"}
{"level":"info","message":"::1 - - [14/Jun/2026:01:08:04 +0000] \"POST /api/auth/sign-up HTTP/1.1\" 200 31 \"-\" \"PostmanRuntime/7.44.1\"","service":"aquisitions-api","timestamp":"2026-06-14T01:08:04.394Z"}
{"level":"info","message":"::1 - - [14/Jun/2026:01:12:09 +0000] \"POST /api/auth/sign-up HTTP/1.1\" 400 94 \"-\" \"PostmanRuntime/7.44.1\"","service":"aquisitions-api","timestamp":"2026-06-14T01:12:09.521Z"}
{"level":"info","message":"::1 - - [14/Jun/2026:01:14:50 +0000] \"POST /api/auth/sign-up HTTP/1.1\" 400 94 \"-\" \"PostmanRuntime/7.44.1\"","service":"aquisitions-api","timestamp":"2026-06-14T01:14:50.318Z"}
{"level":"info","message":"::1 - - [14/Jun/2026:01:15:39 +0000] \"POST /api/auth/sign-up HTTP/1.1\" 400 94 \"-\" \"PostmanRuntime/7.44.1\"","service":"aquisitions-api","timestamp":"2026-06-14T01:15:39.949Z"}
{"level":"info","message":"::1 - - [14/Jun/2026:01:16:43 +0000] \"POST /api/auth/sign-up HTTP/1.1\" 400 94 \"-\" \"PostmanRuntime/7.44.1\"","service":"aquisitions-api","timestamp":"2026-06-14T01:16:43.145Z"}
{"level":"info","message":"::1 - - [14/Jun/2026:01:17:02 +0000] \"POST /api/auth/sign-up HTTP/1.1\" 400 94 \"-\" \"PostmanRuntime/7.44.1\"","service":"aquisitions-api","timestamp":"2026-06-14T01:17:02.570Z"}
{"level":"info","message":"Hello from Acquisitions Service!","service":"aquisitions-api","timestamp":"2026-06-14T01:18:54.646Z"}
{"level":"info","message":"::1 - - [14/Jun/2026:01:18:54 +0000] \"GET / HTTP/1.1\" 304 - \"-\" \"Mozilla/5.0 (Macintosh; Intel Mac OS X 10_15_7) AppleWebKit/537.36 (KHTML, like Gecko) Code/1.123.0 Chrome/148.0.7778.97 Electron/42.2.0 Safari/537.36\"","service":"aquisitions-api","timestamp":"2026-06-14T01:18:54.648Z"}
{"level":"info","message":"Signup request received with data:","service":"aquisitions-api","timestamp":"2026-06-14T01:19:28.832Z"}
{"level":"info","message":"::1 - - [14/Jun/2026:01:19:28 +0000] \"POST /api/auth/sign-up HTTP/1.1\" 400 94 \"-\" \"PostmanRuntime/7.44.1\"","service":"aquisitions-api","timestamp":"2026-06-14T01:19:28.839Z"}
{"email":"thabisomcd@icloud.com","level":"info","message":"Signup request received with data:","name":"thabiso","password":"thabiso123","service":"aquisitions-api","timestamp":"2026-06-14T01:20:48.169Z"}
{"level":"info","message":"User thabisomcd@icloud.com signed up successfully","service":"aquisitions-api","timestamp":"2026-06-14T01:20:48.170Z"}
{"level":"info","message":"::1 - - [14/Jun/2026:01:20:48 +0000] \"POST /api/auth/sign-up HTTP/1.1\" 201 120 \"-\" \"PostmanRuntime/7.44.1\"","service":"aquisitions-api","timestamp":"2026-06-14T01:20:48.171Z"}
{"email":"thabisomcd@icloud.com","level":"info","message":"Signup request received with data:","name":"admin","password":"thabiso123","role":"admin","service":"aquisitions-api","timestamp":"2026-06-14T01:54:44.160Z"}
{"level":"error","message":"Error creating user: User already exists","service":"aquisitions-api","stack":"Error: User already exists\n    at createUser (file:///Users/thabisomotlhomi/acquisitions/src/services/auth.service.js:28:13)\n    at process.processTicksAndRejections (node:internal/process/task_queues:105:5)\n    at async signup (file:///Users/thabisomotlhomi/acquisitions/src/controllers/auth.controller.js:25:18)","timestamp":"2026-06-14T01:54:45.571Z"}
{"level":"error","message":"Error during signup: Error creating user","service":"aquisitions-api","stack":"Error: Error creating user\n    at createUser (file:///Users/thabisomotlhomi/acquisitions/src/services/auth.service.js:47:11)\n    at process.processTicksAndRejections (node:internal/process/task_queues:105:5)\n    at async signup (file:///Users/thabisomotlhomi/acquisitions/src/controllers/auth.controller.js:25:18)","timestamp":"2026-06-14T01:54:45.572Z"}
{"level":"info","message":"::1 - - [14/Jun/2026:01:54:45 +0000] \"POST /api/auth/sign-up HTTP/1.1\" 500 479 \"-\" \"PostmanRuntime/7.44.1\"","service":"aquisitions-api","timestamp":"2026-06-14T01:54:45.575Z"}
{"email":"thabisomcd@icloud.com","level":"info","message":"Signup request received with data:","name":"admin","password":"thabiso123","role":"admin","service":"aquisitions-api","timestamp":"2026-06-14T01:57:58.365Z"}
{"level":"error","message":"Error creating user: User already exists","service":"aquisitions-api","stack":"Error: User already exists\n    at createUser (file:///Users/thabisomotlhomi/acquisitions/src/services/auth.service.js:27:13)\n    at process.processTicksAndRejections (node:internal/process/task_queues:105:5)\n    at async signup (file:///Users/thabisomotlhomi/acquisitions/src/controllers/auth.controller.js:25:18)","timestamp":"2026-06-14T01:57:59.204Z"}
{"level":"error","message":"Error during signup: Error creating user","service":"aquisitions-api","stack":"Error: Error creating user\n    at createUser (file:///Users/thabisomotlhomi/acquisitions/src/services/auth.service.js:46:11)\n    at process.processTicksAndRejections (node:internal/process/task_queues:105:5)\n    at async signup (file:///Users/thabisomotlhomi/acquisitions/src/controllers/auth.controller.js:25:18)","timestamp":"2026-06-14T01:57:59.204Z"}
{"level":"info","message":"::1 - - [14/Jun/2026:01:57:59 +0000] \"POST /api/auth/sign-up HTTP/1.1\" 500 479 \"-\" \"PostmanRuntime/7.44.1\"","service":"aquisitions-api","timestamp":"2026-06-14T01:57:59.208Z"}
{"level":"info","message":"Hello from Acquisitions Service!","service":"aquisitions-api","timestamp":"2026-06-15T20:03:00.159Z"}
{"level":"info","message":"::1 - - [15/Jun/2026:20:03:00 +0000] \"GET / HTTP/1.1\" 304 - \"-\" \"Mozilla/5.0 (Macintosh; Intel Mac OS X 10_15_7) AppleWebKit/537.36 (KHTML, like Gecko) Code/1.123.0 Chrome/148.0.7778.97 Electron/42.2.0 Safari/537.36\"","service":"aquisitions-api","timestamp":"2026-06-15T20:03:00.174Z"}
{"email":"thabisomcd@icloud.com","level":"info","message":"Signup request received with data:","name":"admin","password":"thabiso123","role":"admin","service":"aquisitions-api","timestamp":"2026-06-15T20:03:34.774Z"}
{"level":"error","message":"Error creating user: User already exists","service":"aquisitions-api","stack":"Error: User already exists\n    at createUser (file:///Users/thabisomotlhomi/acquisitions/src/services/auth.service.js:27:13)\n    at process.processTicksAndRejections (node:internal/process/task_queues:105:5)\n    at async signup (file:///Users/thabisomotlhomi/acquisitions/src/controllers/auth.controller.js:25:18)","timestamp":"2026-06-15T20:03:36.867Z"}
{"level":"error","message":"Error during signup: Error creating user","service":"aquisitions-api","stack":"Error: Error creating user\n    at createUser (file:///Users/thabisomotlhomi/acquisitions/src/services/auth.service.js:46:11)\n    at process.processTicksAndRejections (node:internal/process/task_queues:105:5)\n    at async signup (file:///Users/thabisomotlhomi/acquisitions/src/controllers/auth.controller.js:25:18)","timestamp":"2026-06-15T20:03:36.868Z"}
{"level":"info","message":"::1 - - [15/Jun/2026:20:03:36 +0000] \"POST /api/auth/sign-up HTTP/1.1\" 500 479 \"-\" \"PostmanRuntime/7.54.0\"","service":"aquisitions-api","timestamp":"2026-06-15T20:03:36.870Z"}
{"email":"thabisomcd@icloud.com","level":"info","message":"Signup request received with data:","name":"admin","password":"thabiso123","role":"admin","service":"aquisitions-api","timestamp":"2026-06-15T20:04:28.646Z"}
{"level":"error","message":"Error creating user: User already exists","service":"aquisitions-api","stack":"Error: User already exists\n    at createUser (file:///Users/thabisomotlhomi/acquisitions/src/services/auth.service.js:27:13)\n    at process.processTicksAndRejections (node:internal/process/task_queues:105:5)\n    at async signup (file:///Users/thabisomotlhomi/acquisitions/src/controllers/auth.controller.js:25:18)","timestamp":"2026-06-15T20:04:29.425Z"}
{"level":"error","message":"Error during signup: Error creating user","service":"aquisitions-api","stack":"Error: Error creating user\n    at createUser (file:///Users/thabisomotlhomi/acquisitions/src/services/auth.service.js:47:11)\n    at process.processTicksAndRejections (node:internal/process/task_queues:105:5)\n    at async signup (file:///Users/thabisomotlhomi/acquisitions/src/controllers/auth.controller.js:25:18)","timestamp":"2026-06-15T20:04:29.426Z"}
{"level":"info","message":"::1 - - [15/Jun/2026:20:04:29 +0000] \"POST /api/auth/sign-up HTTP/1.1\" 500 479 \"-\" \"PostmanRuntime/7.54.0\"","service":"aquisitions-api","timestamp":"2026-06-15T20:04:29.430Z"}
{"email":"thabisomcd@icloud.com","level":"info","message":"Signup request received with data:","name":"admin","password":"thabiso123","role":"admin","service":"aquisitions-api","timestamp":"2026-06-15T20:39:43.056Z"}
{"level":"error","message":"Error creating user: User already exists","service":"aquisitions-api","stack":"Error: User already exists\n    at createUser (file:///Users/thabisomotlhomi/acquisitions/src/services/auth.service.js:27:13)\n    at process.processTicksAndRejections (node:internal/process/task_queues:105:5)\n    at async signup (file:///Users/thabisomotlhomi/acquisitions/src/controllers/auth.controller.js:25:18)","timestamp":"2026-06-15T20:39:44.741Z"}
{"level":"error","message":"Error during signup: Error creating user","service":"aquisitions-api","stack":"Error: Error creating user\n    at createUser (file:///Users/thabisomotlhomi/acquisitions/src/services/auth.service.js:47:11)\n    at process.processTicksAndRejections (node:internal/process/task_queues:105:5)\n    at async signup (file:///Users/thabisomotlhomi/acquisitions/src/controllers/auth.controller.js:25:18)","timestamp":"2026-06-15T20:39:44.741Z"}
{"level":"info","message":"::1 - - [15/Jun/2026:20:39:44 +0000] \"POST /api/auth/sign-up HTTP/1.1\" 500 479 \"-\" \"PostmanRuntime/7.54.0\"","service":"aquisitions-api","timestamp":"2026-06-15T20:39:44.744Z"}
{"email":"thabisomcd@icloud.com","level":"info","message":"Signup request received with data:","name":"admin","password":"thabiso123","role":"admin","service":"aquisitions-api","timestamp":"2026-06-15T21:01:55.622Z"}
{"level":"info","message":"User thabisomcd@icloud.com created successfully","service":"aquisitions-api","timestamp":"2026-06-15T21:01:57.433Z"}
{"level":"info","message":"User thabisomcd@icloud.com signed up successfully","service":"aquisitions-api","timestamp":"2026-06-15T21:01:57.438Z"}
{"level":"info","message":"::1 - - [15/Jun/2026:21:01:57 +0000] \"POST /api/auth/sign-up HTTP/1.1\" 201 369 \"-\" \"PostmanRuntime/7.54.0\"","service":"aquisitions-api","timestamp":"2026-06-15T21:01:57.441Z"}
{"email":"thabisomcd@icloud.com","level":"info","message":"Signup request received with data:","name":"admin","password":"thabiso123","role":"admin","service":"aquisitions-api","timestamp":"2026-06-15T21:02:24.450Z"}
{"level":"error","message":"Error creating user: User already exists","service":"aquisitions-api","stack":"Error: User already exists\n    at createUser (file:///Users/thabisomotlhomi/acquisitions/src/services/auth.service.js:27:13)\n    at process.processTicksAndRejections (node:internal/process/task_queues:105:5)\n    at async signup (file:///Users/thabisomotlhomi/acquisitions/src/controllers/auth.controller.js:25:18)","timestamp":"2026-06-15T21:02:25.543Z"}
{"level":"error","message":"Error during signup: Error creating user","service":"aquisitions-api","stack":"Error: Error creating user\n    at createUser (file:///Users/thabisomotlhomi/acquisitions/src/services/auth.service.js:47:11)\n    at process.processTicksAndRejections (node:internal/process/task_queues:105:5)\n    at async signup (file:///Users/thabisomotlhomi/acquisitions/src/controllers/auth.controller.js:25:18)","timestamp":"2026-06-15T21:02:25.543Z"}
{"level":"info","message":"::1 - - [15/Jun/2026:21:02:25 +0000] \"POST /api/auth/sign-up HTTP/1.1\" 500 479 \"-\" \"PostmanRuntime/7.54.0\"","service":"aquisitions-api","timestamp":"2026-06-15T21:02:25.544Z"}
{"email":"nhlamulo.mobie@icloud.com","level":"info","message":"Signup request received with data:","name":"Nhlamulo","password":"thabiso123","role":"user","service":"aquisitions-api","timestamp":"2026-06-15T21:25:30.481Z"}
{"level":"info","message":"User nhlamulo.mobie@icloud.com created successfully","service":"aquisitions-api","timestamp":"2026-06-15T21:25:40.337Z"}
{"level":"info","message":"User nhlamulo.mobie@icloud.com signed up successfully","service":"aquisitions-api","timestamp":"2026-06-15T21:25:40.341Z"}
{"level":"info","message":"::1 - - [15/Jun/2026:21:25:40 +0000] \"POST /api/auth/sign-up HTTP/1.1\" 201 379 \"-\" \"PostmanRuntime/7.54.0\"","service":"aquisitions-api","timestamp":"2026-06-15T21:25:40.345Z"}
{"email":"nhlamulo.mobie@icloud.com","level":"info","message":"Signin request received with data:","password":"thabiso123","service":"aquisitions-api","timestamp":"2026-06-15T21:36:11.458Z"}
{"level":"info","message":"User nhlamulo.mobie@icloud.com signed in successfully","service":"aquisitions-api","timestamp":"2026-06-15T21:36:13.370Z"}
{"level":"info","message":"::1 - - [15/Jun/2026:21:36:13 +0000] \"POST /api/auth/sign-in HTTP/1.1\" 200 154 \"-\" \"PostmanRuntime/7.54.0\"","service":"aquisitions-api","timestamp":"2026-06-15T21:36:13.371Z"}
{"email":"thabiomcd@icloud.com","level":"info","message":"Signin request received with data:","password":"thabiso123","service":"aquisitions-api","timestamp":"2026-06-15T21:36:42.672Z"}
{"level":"info","message":"::1 - - [15/Jun/2026:21:36:43 +0000] \"POST /api/auth/sign-in HTTP/1.1\" 401 37 \"-\" \"PostmanRuntime/7.54.0\"","service":"aquisitions-api","timestamp":"2026-06-15T21:36:43.983Z"}
{"email":"thabisomcd@icloud.com","level":"info","message":"Signin request received with data:","password":"thabiso123","service":"aquisitions-api","timestamp":"2026-06-15T21:37:05.327Z"}
{"level":"info","message":"User thabisomcd@icloud.com signed in successfully","service":"aquisitions-api","timestamp":"2026-06-15T21:37:06.131Z"}
{"level":"info","message":"::1 - - [15/Jun/2026:21:37:06 +0000] \"POST /api/auth/sign-in HTTP/1.1\" 200 148 \"-\" \"PostmanRuntime/7.54.0\"","service":"aquisitions-api","timestamp":"2026-06-15T21:37:06.132Z"}
{"level":"info","message":"::1 - - [15/Jun/2026:21:38:27 +0000] \"POST /api/auth/sign-out HTTP/1.1\" 200 32 \"-\" \"PostmanRuntime/7.54.0\"","service":"aquisitions-api","timestamp":"2026-06-15T21:38:27.220Z"}
{"level":"info","message":"User signed out successfully","service":"aquisitions-api","timestamp":"2026-06-15T21:39:00.375Z"}
{"level":"info","message":"::1 - - [15/Jun/2026:21:39:00 +0000] \"POST /api/auth/sign-out HTTP/1.1\" 200 33 \"-\" \"PostmanRuntime/7.54.0\"","service":"aquisitions-api","timestamp":"2026-06-15T21:39:00.381Z"}
